TN:
SF:index.js
FN:8,(anonymous_0)
FNF:1
FNH:1
FNDA:3,(anonymous_0)
DA:1,3
DA:2,3
DA:3,3
DA:4,3
DA:5,3
DA:6,3
DA:8,3
DA:9,3
DA:20,3
DA:21,3
DA:22,3
DA:24,3
DA:25,3
DA:27,3
DA:29,3
DA:30,0
DA:32,3
DA:33,3
DA:34,3
LF:19
LH:18
BRDA:29,0,0,0
BRDA:29,0,1,3
BRF:2
BRH:1
end_of_record
TN:
SF:lib/agent.js
FN:1,setuAgent
FN:2,findById
FNF:2
FNH:2
FNDA:3,setuAgent
FNDA:1,findById
DA:1,1
DA:3,1
DA:5,3
LF:3
LH:3
BRF:0
BRH:0
end_of_record
TN:
SF:lib/db.js
FN:4,setupDatabase
FNF:1
FNH:1
FNDA:3,setupDatabase
DA:1,1
DA:2,1
DA:4,1
DA:5,3
DA:6,1
DA:8,3
LF:6
LH:6
BRDA:5,0,0,1
BRDA:5,0,1,2
BRF:2
BRH:2
end_of_record
TN:
SF:models/agent.js
FN:5,setupAgentModel
FNF:1
FNH:0
FNDA:0,setupAgentModel
DA:2,1
DA:3,1
DA:5,1
DA:6,0
DA:7,0
LF:5
LH:3
BRF:0
BRH:0
end_of_record
TN:
SF:models/metric.js
FN:4,setupAgentMetric
FNF:1
FNH:0
FNDA:0,setupAgentMetric
DA:1,1
DA:2,1
DA:4,1
DA:5,0
DA:6,0
LF:5
LH:3
BRF:0
BRH:0
end_of_record
